2019-10-11 14:59:35.435  INFO 6784 --- [main] com.chuangmei.web.ChuangmeiApplication   : Starting ChuangmeiApplication on 2018-1108-1121 with PID 6784 (D:\chuangmei\target\classes started by Administrator in D:\chuangmei\src)
2019-10-11 14:59:35.464  INFO 6784 --- [main] ationConfigEmbeddedWebApplicationContext : Refreshing org.springframework.boot.context.embedded.AnnotationConfigEmbeddedWebApplicationContext@7995092a: startup date [Fri Oct 11 14:59:35 CST 2019]; root of context hierarchy
2019-10-11 14:59:36.349  INFO 6784 --- [main] o.s.b.f.s.DefaultListableBeanFactory     : Overriding bean definition for bean 'beanNameViewResolver': replacing [Root bean: class [null]; scope=; abstract=false; lazyInit=false; autowireMode=3; dependencyCheck=0; autowireCandidate=true; primary=false; factoryBeanName=org.springframework.boot.autoconfigure.web.ErrorMvcAutoConfiguration$WhitelabelErrorViewConfiguration; factoryMethodName=beanNameViewResolver; initMethodName=null; destroyMethodName=(inferred); defined in class path resource [org/springframework/boot/autoconfigure/web/ErrorMvcAutoConfiguration$WhitelabelErrorViewConfiguration.class]] with [Root bean: class [null]; scope=; abstract=false; lazyInit=false; autowireMode=3; dependencyCheck=0; autowireCandidate=true; primary=false; factoryBeanName=org.springframework.boot.autoconfigure.web.WebMvcAutoConfiguration$WebMvcAutoConfigurationAdapter; factoryMethodName=beanNameViewResolver; initMethodName=null; destroyMethodName=(inferred); defined in class path resource [org/springframework/boot/autoconfigure/web/WebMvcAutoConfiguration$WebMvcAutoConfigurationAdapter.class]]
2019-10-11 14:59:36.710  INFO 6784 --- [main] trationDelegate$BeanPostProcessorChecker : Bean 'org.springframework.transaction.annotation.ProxyTransactionManagementConfiguration' of type [class org.springframework.transaction.annotation.ProxyTransactionManagementConfiguration$$EnhancerBySpringCGLIB$$a7520780] is not eligible for getting processed by all BeanPostProcessors (for example: not eligible for auto-proxying)
2019-10-11 14:59:36.724  INFO 6784 --- [main] trationDelegate$BeanPostProcessorChecker : Bean 'transactionAttributeSource' of type [class org.springframework.transaction.annotation.AnnotationTransactionAttributeSource] is not eligible for getting processed by all BeanPostProcessors (for example: not eligible for auto-proxying)
2019-10-11 14:59:36.730  INFO 6784 --- [main] trationDelegate$BeanPostProcessorChecker : Bean 'transactionInterceptor' of type [class org.springframework.transaction.interceptor.TransactionInterceptor] is not eligible for getting processed by all BeanPostProcessors (for example: not eligible for auto-proxying)
2019-10-11 14:59:36.734  INFO 6784 --- [main] trationDelegate$BeanPostProcessorChecker : Bean 'org.springframework.transaction.config.internalTransactionAdvisor' of type [class org.springframework.transaction.interceptor.BeanFactoryTransactionAttributeSourceAdvisor] is not eligible for getting processed by all BeanPostProcessors (for example: not eligible for auto-proxying)
2019-10-11 14:59:37.066  INFO 6784 --- [main] s.b.c.e.t.TomcatEmbeddedServletContainer : Tomcat initialized with port(s): 8080 (http)
2019-10-11 14:59:37.174  INFO 6784 --- [main] o.apache.catalina.core.StandardService   : Starting service Tomcat
2019-10-11 14:59:37.175  INFO 6784 --- [main] org.apache.catalina.core.StandardEngine  : Starting Servlet Engine: Apache Tomcat/7.0.57
2019-10-11 14:59:37.423  INFO 6784 --- [localhost-startStop-1] o.a.c.c.C.[.[localhost].[/chuangmei]     : Initializing Spring embedded WebApplicationContext
2019-10-11 14:59:38.027  INFO 6784 --- [localhost-startStop-1] o.s.b.c.embedded.FilterRegistrationBean  : Mapping filter: 'characterEncodingFilter' to: [/*]
2019-10-11 14:59:38.027  INFO 6784 --- [localhost-startStop-1] o.s.b.c.embedded.FilterRegistrationBean  : Mapping filter: 'loginFilter' to urls: [/wap/*, /member/*, /views/*, /seller/*]
2019-10-11 14:59:38.027  INFO 6784 --- [localhost-startStop-1] o.s.b.c.embedded.FilterRegistrationBean  : Mapping filter: 'configurableSiteMeshFilter' to urls: [/*]
2019-10-11 14:59:38.028  INFO 6784 --- [localhost-startStop-1] o.s.b.c.embedded.FilterRegistrationBean  : Mapping filter: 'hiddenHttpMethodFilter' to: [/*]
2019-10-11 14:59:38.028  INFO 6784 --- [localhost-startStop-1] o.s.b.c.e.ServletRegistrationBean        : Mapping servlet: 'dispatcherServlet' to [/]
2019-10-11 14:59:38.730  INFO 6784 --- [main] o.s.j.e.a.AnnotationMBeanExporter        : Registering beans for JMX exposure on startup
2019-10-11 14:59:38.770  INFO 6784 --- [main] s.b.c.e.t.TomcatEmbeddedServletContainer : Tomcat started on port(s): 8080 (http)
2019-10-11 14:59:38.771  INFO 6784 --- [main] com.chuangmei.web.ChuangmeiApplication   : Started ChuangmeiApplication in 3.556 seconds (JVM running for 4.145)
2019-10-11 14:59:44.044  INFO 6784 --- [http-nio-8080-exec-2] o.a.c.c.C.[.[localhost].[/chuangmei]     : Initializing Spring FrameworkServlet 'dispatcherServlet'
