2019-10-11 14:52:06.307  INFO 9016 --- [main] com.chuangmei.web.ChuangmeiApplication   : Starting ChuangmeiApplication on 2018-1108-1121 with PID 9016 (D:\chuangmei\target\classes started by Administrator in D:\chuangmei\src\main\webapp\WEB-INF)
2019-10-11 14:52:06.340  INFO 9016 --- [main] ationConfigEmbeddedWebApplicationContext : Refreshing org.springframework.boot.context.embedded.AnnotationConfigEmbeddedWebApplicationContext@72d6b3ba: startup date [Fri Oct 11 14:52:06 CST 2019]; root of context hierarchy
2019-10-11 14:52:07.202  INFO 9016 --- [main] o.s.b.f.s.DefaultListableBeanFactory     : Overriding bean definition for bean 'beanNameViewResolver': replacing [Root bean: class [null]; scope=; abstract=false; lazyInit=false; autowireMode=3; dependencyCheck=0; autowireCandidate=true; primary=false; factoryBeanName=org.springframework.boot.autoconfigure.web.ErrorMvcAutoConfiguration$WhitelabelErrorViewConfiguration; factoryMethodName=beanNameViewResolver; initMethodName=null; destroyMethodName=(inferred); defined in class path resource [org/springframework/boot/autoconfigure/web/ErrorMvcAutoConfiguration$WhitelabelErrorViewConfiguration.class]] with [Root bean: class [null]; scope=; abstract=false; lazyInit=false; autowireMode=3; dependencyCheck=0; autowireCandidate=true; primary=false; factoryBeanName=org.springframework.boot.autoconfigure.web.WebMvcAutoConfiguration$WebMvcAutoConfigurationAdapter; factoryMethodName=beanNameViewResolver; initMethodName=null; destroyMethodName=(inferred); defined in class path resource [org/springframework/boot/autoconfigure/web/WebMvcAutoConfiguration$WebMvcAutoConfigurationAdapter.class]]
2019-10-11 14:52:07.595  INFO 9016 --- [main] trationDelegate$BeanPostProcessorChecker : Bean 'org.springframework.transaction.annotation.ProxyTransactionManagementConfiguration' of type [class org.springframework.transaction.annotation.ProxyTransactionManagementConfiguration$$EnhancerBySpringCGLIB$$41d21058] is not eligible for getting processed by all BeanPostProcessors (for example: not eligible for auto-proxying)
2019-10-11 14:52:07.613  INFO 9016 --- [main] trationDelegate$BeanPostProcessorChecker : Bean 'transactionAttributeSource' of type [class org.springframework.transaction.annotation.AnnotationTransactionAttributeSource] is not eligible for getting processed by all BeanPostProcessors (for example: not eligible for auto-proxying)
2019-10-11 14:52:07.621  INFO 9016 --- [main] trationDelegate$BeanPostProcessorChecker : Bean 'transactionInterceptor' of type [class org.springframework.transaction.interceptor.TransactionInterceptor] is not eligible for getting processed by all BeanPostProcessors (for example: not eligible for auto-proxying)
2019-10-11 14:52:07.626  INFO 9016 --- [main] trationDelegate$BeanPostProcessorChecker : Bean 'org.springframework.transaction.config.internalTransactionAdvisor' of type [class org.springframework.transaction.interceptor.BeanFactoryTransactionAttributeSourceAdvisor] is not eligible for getting processed by all BeanPostProcessors (for example: not eligible for auto-proxying)
2019-10-11 14:52:07.985  INFO 9016 --- [main] s.b.c.e.t.TomcatEmbeddedServletContainer : Tomcat initialized with port(s): 8080 (http)
2019-10-11 14:52:08.098  INFO 9016 --- [main] o.apache.catalina.core.StandardService   : Starting service Tomcat
2019-10-11 14:52:08.099  INFO 9016 --- [main] org.apache.catalina.core.StandardEngine  : Starting Servlet Engine: Apache Tomcat/7.0.57
2019-10-11 14:52:08.354  INFO 9016 --- [localhost-startStop-1] o.a.c.c.C.[.[localhost].[/chuangmei]     : Initializing Spring embedded WebApplicationContext
2019-10-11 14:52:09.049  INFO 9016 --- [localhost-startStop-1] o.s.b.c.embedded.FilterRegistrationBean  : Mapping filter: 'characterEncodingFilter' to: [/*]
2019-10-11 14:52:09.050  INFO 9016 --- [localhost-startStop-1] o.s.b.c.embedded.FilterRegistrationBean  : Mapping filter: 'loginFilter' to urls: [/wap/*, /member/*, /views/*, /seller/*]
2019-10-11 14:52:09.050  INFO 9016 --- [localhost-startStop-1] o.s.b.c.embedded.FilterRegistrationBean  : Mapping filter: 'configurableSiteMeshFilter' to urls: [/*]
2019-10-11 14:52:09.050  INFO 9016 --- [localhost-startStop-1] o.s.b.c.embedded.FilterRegistrationBean  : Mapping filter: 'hiddenHttpMethodFilter' to: [/*]
2019-10-11 14:52:09.050  INFO 9016 --- [localhost-startStop-1] o.s.b.c.e.ServletRegistrationBean        : Mapping servlet: 'dispatcherServlet' to [/]
2019-10-11 14:52:09.807  INFO 9016 --- [main] o.s.j.e.a.AnnotationMBeanExporter        : Registering beans for JMX exposure on startup
2019-10-11 14:52:09.849  INFO 9016 --- [main] s.b.c.e.t.TomcatEmbeddedServletContainer : Tomcat started on port(s): 8080 (http)
2019-10-11 14:52:09.851  INFO 9016 --- [main] com.chuangmei.web.ChuangmeiApplication   : Started ChuangmeiApplication in 3.77 seconds (JVM running for 4.44)
2019-10-11 14:52:15.804  INFO 9016 --- [http-nio-8080-exec-1] o.a.c.c.C.[.[localhost].[/chuangmei]     : Initializing Spring FrameworkServlet 'dispatcherServlet'
